
> casino-user-frontend@1.0.0 dev
> vite

[33mThe CJS build of Vite's Node API is deprecated. See https://vite.dev/guide/troubleshooting.html#vite-cjs-node-api-deprecated for more details.[39m

  VITE v5.4.21  ready in 226 ms

  ➜  Local:   http://localhost:3000/
  ➜  Network: use --host to expose
2:51:54 PM [vite] http proxy error: /api/user/wallet/balance
AggregateError [ECONNREFUSED]: 
    at internalConnectMultiple (node:net:1139:18)
    at afterConnectMultiple (node:net:1712:7)
2:51:55 PM [vite] http proxy error: /api/user/wallet/balance
AggregateError [ECONNREFUSED]: 
    at internalConnectMultiple (node:net:1139:18)
    at afterConnectMultiple (node:net:1712:7)
2:51:57 PM [vite] http proxy error: /api/user/wallet/balance
AggregateError [ECONNREFUSED]: 
    at internalConnectMultiple (node:net:1139:18)
    at afterConnectMultiple (node:net:1712:7)
2:52:01 PM [vite] http proxy error: /api/user/wallet/balance
AggregateError [ECONNREFUSED]: 
    at internalConnectMultiple (node:net:1139:18)
    at afterConnectMultiple (node:net:1712:7)
4:22:36 PM [vite] http proxy error: /api/user/vip/my-status
AggregateError [ECONNREFUSED]: 
    at internalConnectMultiple (node:net:1139:18)
    at afterConnectMultiple (node:net:1712:7)
4:22:36 PM [vite] http proxy error: /api/user/wallet/balance
AggregateError [ECONNREFUSED]: 
    at internalConnectMultiple (node:net:1139:18)
    at afterConnectMultiple (node:net:1712:7)
4:22:37 PM [vite] http proxy error: /api/user/vip/my-status
AggregateError [ECONNREFUSED]: 
    at internalConnectMultiple (node:net:1139:18)
    at afterConnectMultiple (node:net:1712:7)
4:22:37 PM [vite] http proxy error: /api/user/wallet/balance
AggregateError [ECONNREFUSED]: 
    at internalConnectMultiple (node:net:1139:18)
    at afterConnectMultiple (node:net:1712:7)
4:22:39 PM [vite] http proxy error: /api/user/vip/my-status
AggregateError [ECONNREFUSED]: 
    at internalConnectMultiple (node:net:1139:18)
    at afterConnectMultiple (node:net:1712:7)
4:22:39 PM [vite] http proxy error: /api/user/wallet/balance
AggregateError [ECONNREFUSED]: 
    at internalConnectMultiple (node:net:1139:18)
    at afterConnectMultiple (node:net:1712:7)
4:23:08 PM [vite] hmr update /src/pages/KYC.tsx
4:23:17 PM [vite] hmr update /src/pages/KYC.tsx
4:23:44 PM [vite] hmr update /src/pages/KYC.tsx
4:23:55 PM [vite] hmr update /src/pages/KYC.tsx
4:40:54 PM [vite] hmr update /src/pages/KYC.tsx
4:41:01 PM [vite] hmr update /src/pages/KYC.tsx
4:41:08 PM [vite] hmr update /src/pages/KYC.tsx
4:41:23 PM [vite] hmr update /src/pages/KYC.tsx
4:41:39 PM [vite] hmr update /src/pages/KYC.tsx
4:48:21 PM [vite] hmr update /src/pages/KYC.tsx
4:48:28 PM [vite] hmr update /src/pages/KYC.tsx
