::1 - - [10/Nov/2025 15:16:40] "GET /slots/fruit-shop/photo.jpeg HTTP/1.1" 304 -
::1 - - [10/Nov/2025 15:16:40] "GET /slots/lucky-7/photo.jpeg HTTP/1.1" 304 -
::1 - - [10/Nov/2025 15:16:40] "GET /slots/double-7s/photo.jpeg HTTP/1.1" 304 -
::1 - - [10/Nov/2025 15:16:40] "GET /slots/triple-red-hot-777/photo.jpeg HTTP/1.1" 304 -
::1 - - [10/Nov/2025 15:16:40] "GET /slots/fruit-cocktail/photo.jpeg HTTP/1.1" 304 -
::1 - - [10/Nov/2025 15:16:43] "GET /slots/fruit-cocktail/index.html?session=e3d58b32-625d-4c01-9f99-d864ec30a5a0&demo=false&token=eyJhbGciOiJIUzM4NCJ9.eyJzdWIiOiJrYXhhbTFAZ21haWwuY29tIiwidHlwZSI6IkFDQ0VTUyIsImlhdCI6MTc2Mjc2OTIzOSwiZXhwIjoxNzYyODU1NjM5fQ.TbEs2VfS_vIQgRjo2FJFU9qNwjt6-wiF_mWorSFSCxJq2v7MsH3lewE3RAywInP0 HTTP/1.1" 200 -
::1 - - [10/Nov/2025 15:18:22] "GET /slots/lucky-7/index.html?session=56562809-ca73-4f64-973f-000754639a30&demo=false&token=eyJhbGciOiJIUzM4NCJ9.eyJzdWIiOiJrYXhhbTFAZ21haWwuY29tIiwidHlwZSI6IkFDQ0VTUyIsImlhdCI6MTc2Mjc2OTIzOSwiZXhwIjoxNzYyODU1NjM5fQ.TbEs2VfS_vIQgRjo2FJFU9qNwjt6-wiF_mWorSFSCxJq2v7MsH3lewE3RAywInP0 HTTP/1.1" 200 -
::1 - - [10/Nov/2025 15:21:42] "GET /slots/fruit-cocktail/index.html?session=1c0e877d-3017-43ef-8f59-ac147bf0e1a5&demo=false&token=eyJhbGciOiJIUzM4NCJ9.eyJzdWIiOiJrYXhhbTFAZ21haWwuY29tIiwidHlwZSI6IkFDQ0VTUyIsImlhdCI6MTc2Mjc2OTIzOSwiZXhwIjoxNzYyODU1NjM5fQ.TbEs2VfS_vIQgRjo2FJFU9qNwjt6-wiF_mWorSFSCxJq2v7MsH3lewE3RAywInP0 HTTP/1.1" 200 -
::1 - - [10/Nov/2025 15:21:51] "GET /slots/fruit-shop/index.html?session=6ab1b9c3-7a88-41cc-a3e2-01b59ba47dd4&demo=false&token=eyJhbGciOiJIUzM4NCJ9.eyJzdWIiOiJrYXhhbTFAZ21haWwuY29tIiwidHlwZSI6IkFDQ0VTUyIsImlhdCI6MTc2Mjc2OTIzOSwiZXhwIjoxNzYyODU1NjM5fQ.TbEs2VfS_vIQgRjo2FJFU9qNwjt6-wiF_mWorSFSCxJq2v7MsH3lewE3RAywInP0 HTTP/1.1" 200 -
::1 - - [10/Nov/2025 15:22:02] "GET /slots/lucky-7/index.html?session=896fb433-bfcf-45ad-b15b-fd207719ecb9&demo=false&token=eyJhbGciOiJIUzM4NCJ9.eyJzdWIiOiJrYXhhbTFAZ21haWwuY29tIiwidHlwZSI6IkFDQ0VTUyIsImlhdCI6MTc2Mjc2OTIzOSwiZXhwIjoxNzYyODU1NjM5fQ.TbEs2VfS_vIQgRjo2FJFU9qNwjt6-wiF_mWorSFSCxJq2v7MsH3lewE3RAywInP0 HTTP/1.1" 200 -
::1 - - [10/Nov/2025 15:26:12] "GET /slots/sizzling-hot/index.html?demo=true HTTP/1.1" 200 -
::1 - - [10/Nov/2025 15:26:27] "GET /slots/sizzling-hot/index.html?session=fe81360e-8ffc-4616-b4ab-ef95f47b7e6f&demo=false&token=eyJhbGciOiJIUzM4NCJ9.eyJzdWIiOiJrYXhhbTFAZ21haWwuY29tIiwidHlwZSI6IkFDQ0VTUyIsImlhdCI6MTc2Mjc2OTIzOSwiZXhwIjoxNzYyODU1NjM5fQ.TbEs2VfS_vIQgRjo2FJFU9qNwjt6-wiF_mWorSFSCxJq2v7MsH3lewE3RAywInP0 HTTP/1.1" 200 -
::1 - - [10/Nov/2025 15:26:34] "GET /slots/sizzling-hot/index.html?session=10496be7-ba3a-4f4e-9d36-8b944953f146&demo=false&token=eyJhbGciOiJIUzM4NCJ9.eyJzdWIiOiJrYXhhbTFAZ21haWwuY29tIiwidHlwZSI6IkFDQ0VTUyIsImlhdCI6MTc2Mjc2OTIzOSwiZXhwIjoxNzYyODU1NjM5fQ.TbEs2VfS_vIQgRjo2FJFU9qNwjt6-wiF_mWorSFSCxJq2v7MsH3lewE3RAywInP0 HTTP/1.1" 200 -
::1 - - [10/Nov/2025 15:29:02] "GET /slots/sizzling-hot/index.html?demo=true HTTP/1.1" 200 -
::1 - - [10/Nov/2025 15:29:16] "GET /slots/sizzling-hot/index.html?session=50e64712-8c91-4a55-bccc-12626a0ceb02&demo=false&token=eyJhbGciOiJIUzM4NCJ9.eyJzdWIiOiJrYXhhbTFAZ21haWwuY29tIiwidHlwZSI6IkFDQ0VTUyIsImlhdCI6MTc2Mjc2OTIzOSwiZXhwIjoxNzYyODU1NjM5fQ.TbEs2VfS_vIQgRjo2FJFU9qNwjt6-wiF_mWorSFSCxJq2v7MsH3lewE3RAywInP0 HTTP/1.1" 200 -
::1 - - [10/Nov/2025 15:30:07] "GET /slots/sizzling-hot/index.html?session=6e8d68ba-33f7-4dff-9a35-08a3829261a6&demo=false&token=eyJhbGciOiJIUzM4NCJ9.eyJzdWIiOiJrYXhhbTFAZ21haWwuY29tIiwidHlwZSI6IkFDQ0VTUyIsImlhdCI6MTc2Mjc2OTIzOSwiZXhwIjoxNzYyODU1NjM5fQ.TbEs2VfS_vIQgRjo2FJFU9qNwjt6-wiF_mWorSFSCxJq2v7MsH3lewE3RAywInP0 HTTP/1.1" 200 -
::1 - - [10/Nov/2025 15:30:44] "GET /slots/sizzling-hot/index.html?demo=true HTTP/1.1" 200 -
::1 - - [10/Nov/2025 15:30:54] "GET /slots/sizzling-hot/index.html?session=366dfff3-2ada-4664-a226-137e4767c5b1&demo=false&token=eyJhbGciOiJIUzM4NCJ9.eyJzdWIiOiJrYXhhbTFAZ21haWwuY29tIiwidHlwZSI6IkFDQ0VTUyIsImlhdCI6MTc2Mjc2OTIzOSwiZXhwIjoxNzYyODU1NjM5fQ.TbEs2VfS_vIQgRjo2FJFU9qNwjt6-wiF_mWorSFSCxJq2v7MsH3lewE3RAywInP0 HTTP/1.1" 200 -
::1 - - [10/Nov/2025 15:31:07] "GET /slots/sizzling-hot/index.html?session=803a8940-071e-4dd7-9ba4-cba3999aa0b7&demo=false&token=eyJhbGciOiJIUzM4NCJ9.eyJzdWIiOiJrYXhhbTFAZ21haWwuY29tIiwidHlwZSI6IkFDQ0VTUyIsImlhdCI6MTc2Mjc2OTIzOSwiZXhwIjoxNzYyODU1NjM5fQ.TbEs2VfS_vIQgRjo2FJFU9qNwjt6-wiF_mWorSFSCxJq2v7MsH3lewE3RAywInP0 HTTP/1.1" 200 -
::1 - - [10/Nov/2025 15:31:13] "GET /slots/triple-red-hot-777/photo.jpeg HTTP/1.1" 304 -
::1 - - [10/Nov/2025 15:31:13] "GET /slots/lucky-7/photo.jpeg HTTP/1.1" 304 -
::1 - - [10/Nov/2025 15:31:13] "GET /slots/double-7s/photo.jpeg HTTP/1.1" 304 -
::1 - - [10/Nov/2025 15:31:13] "GET /slots/fruit-cocktail/photo.jpeg HTTP/1.1" 304 -
::1 - - [10/Nov/2025 15:31:13] "GET /slots/fruit-shop/photo.jpeg HTTP/1.1" 304 -
::1 - - [10/Nov/2025 15:31:16] "GET /slots/sizzling-hot/index.html?session=887ab0a9-7af7-4201-8810-43e534ecad3c&demo=false&token=eyJhbGciOiJIUzM4NCJ9.eyJzdWIiOiJrYXhhbTFAZ21haWwuY29tIiwidHlwZSI6IkFDQ0VTUyIsImlhdCI6MTc2Mjc2OTIzOSwiZXhwIjoxNzYyODU1NjM5fQ.TbEs2VfS_vIQgRjo2FJFU9qNwjt6-wiF_mWorSFSCxJq2v7MsH3lewE3RAywInP0 HTTP/1.1" 200 -
::1 - - [10/Nov/2025 15:33:09] "GET /slots/sizzling-hot/index.html?session=302e2835-1464-46f5-8065-b1c787b7222c&demo=false&token=eyJhbGciOiJIUzM4NCJ9.eyJzdWIiOiJrYXhhbTFAZ21haWwuY29tIiwidHlwZSI6IkFDQ0VTUyIsImlhdCI6MTc2Mjc2OTIzOSwiZXhwIjoxNzYyODU1NjM5fQ.TbEs2VfS_vIQgRjo2FJFU9qNwjt6-wiF_mWorSFSCxJq2v7MsH3lewE3RAywInP0 HTTP/1.1" 200 -
::1 - - [10/Nov/2025 15:33:18] "GET /slots/lucky-7/index.html?session=145b9020-44c6-433b-aadd-04cfd4d4778b&demo=false&token=eyJhbGciOiJIUzM4NCJ9.eyJzdWIiOiJrYXhhbTFAZ21haWwuY29tIiwidHlwZSI6IkFDQ0VTUyIsImlhdCI6MTc2Mjc2OTIzOSwiZXhwIjoxNzYyODU1NjM5fQ.TbEs2VfS_vIQgRjo2FJFU9qNwjt6-wiF_mWorSFSCxJq2v7MsH3lewE3RAywInP0 HTTP/1.1" 200 -
::1 - - [10/Nov/2025 15:43:30] "GET /slots/hot-fruits-100/index.html?demo=true HTTP/1.1" 200 -
::1 - - [10/Nov/2025 15:43:31] code 404, message File not found
::1 - - [10/Nov/2025 15:43:31] "GET /favicon.ico HTTP/1.1" 404 -
::1 - - [10/Nov/2025 15:44:00] "GET /slots/hot-fruits-100/index.html?session=9981475f-06c2-4d4d-b669-29e10d0750dd&demo=false&token=eyJhbGciOiJIUzM4NCJ9.eyJzdWIiOiJrYXhhbTFAZ21haWwuY29tIiwidHlwZSI6IkFDQ0VTUyIsImlhdCI6MTc2Mjc2OTIzOSwiZXhwIjoxNzYyODU1NjM5fQ.TbEs2VfS_vIQgRjo2FJFU9qNwjt6-wiF_mWorSFSCxJq2v7MsH3lewE3RAywInP0 HTTP/1.1" 200 -
::1 - - [10/Nov/2025 15:44:09] "GET /slots/hot-fruits-20/index.html?session=bf8d2ad8-7e85-4a3f-99f5-6b644aa7954d&demo=false&token=eyJhbGciOiJIUzM4NCJ9.eyJzdWIiOiJrYXhhbTFAZ21haWwuY29tIiwidHlwZSI6IkFDQ0VTUyIsImlhdCI6MTc2Mjc2OTIzOSwiZXhwIjoxNzYyODU1NjM5fQ.TbEs2VfS_vIQgRjo2FJFU9qNwjt6-wiF_mWorSFSCxJq2v7MsH3lewE3RAywInP0 HTTP/1.1" 200 -
::1 - - [10/Nov/2025 15:44:22] "GET /slots/hot-fruits-20/index.html?session=be9c57c4-2bc5-4682-94d0-d2f6f1134c43&demo=false&token=eyJhbGciOiJIUzM4NCJ9.eyJzdWIiOiJrYXhhbTFAZ21haWwuY29tIiwidHlwZSI6IkFDQ0VTUyIsImlhdCI6MTc2Mjc2OTIzOSwiZXhwIjoxNzYyODU1NjM5fQ.TbEs2VfS_vIQgRjo2FJFU9qNwjt6-wiF_mWorSFSCxJq2v7MsH3lewE3RAywInP0 HTTP/1.1" 200 -
::1 - - [10/Nov/2025 15:53:36] "GET /slots/burning-hot/index.html?demo=true HTTP/1.1" 200 -
::1 - - [10/Nov/2025 15:53:36] code 404, message File not found
::1 - - [10/Nov/2025 15:53:36] "GET /favicon.ico HTTP/1.1" 404 -
::1 - - [10/Nov/2025 15:53:54] "GET /slots/fruit-party/index.html?session=405e8529-0ea2-4bbe-a9a0-2aa2884b63b4&demo=false&token=eyJhbGciOiJIUzM4NCJ9.eyJzdWIiOiJrYXhhbTFAZ21haWwuY29tIiwidHlwZSI6IkFDQ0VTUyIsImlhdCI6MTc2Mjc2OTIzOSwiZXhwIjoxNzYyODU1NjM5fQ.TbEs2VfS_vIQgRjo2FJFU9qNwjt6-wiF_mWorSFSCxJq2v7MsH3lewE3RAywInP0 HTTP/1.1" 200 -
::1 - - [10/Nov/2025 15:54:02] "GET /slots/fruit-mania/index.html?session=6afc4c44-45c5-4da4-9d5c-230b03a4bcea&demo=false&token=eyJhbGciOiJIUzM4NCJ9.eyJzdWIiOiJrYXhhbTFAZ21haWwuY29tIiwidHlwZSI6IkFDQ0VTUyIsImlhdCI6MTc2Mjc2OTIzOSwiZXhwIjoxNzYyODU1NjM5fQ.TbEs2VfS_vIQgRjo2FJFU9qNwjt6-wiF_mWorSFSCxJq2v7MsH3lewE3RAywInP0 HTTP/1.1" 200 -
::1 - - [10/Nov/2025 15:54:11] "GET /slots/juicy-fruits/index.html?session=79265f6f-6630-4005-b6ea-3fb38aad19df&demo=false&token=eyJhbGciOiJIUzM4NCJ9.eyJzdWIiOiJrYXhhbTFAZ21haWwuY29tIiwidHlwZSI6IkFDQ0VTUyIsImlhdCI6MTc2Mjc2OTIzOSwiZXhwIjoxNzYyODU1NjM5fQ.TbEs2VfS_vIQgRjo2FJFU9qNwjt6-wiF_mWorSFSCxJq2v7MsH3lewE3RAywInP0 HTTP/1.1" 200 -
::1 - - [10/Nov/2025 15:54:20] "GET /slots/sweet-bonanza/index.html?session=6cee6aa6-a857-42d3-b3cf-7fa0ece63720&demo=false&token=eyJhbGciOiJIUzM4NCJ9.eyJzdWIiOiJrYXhhbTFAZ21haWwuY29tIiwidHlwZSI6IkFDQ0VTUyIsImlhdCI6MTc2Mjc2OTIzOSwiZXhwIjoxNzYyODU1NjM5fQ.TbEs2VfS_vIQgRjo2FJFU9qNwjt6-wiF_mWorSFSCxJq2v7MsH3lewE3RAywInP0 HTTP/1.1" 200 -
::1 - - [10/Nov/2025 15:54:52] "GET /slots/fruit-cocktail/photo.jpeg HTTP/1.1" 304 -
::1 - - [10/Nov/2025 15:54:52] "GET /slots/lucky-7/photo.jpeg HTTP/1.1" 304 -
::1 - - [10/Nov/2025 15:54:52] "GET /slots/fruit-shop/photo.jpeg HTTP/1.1" 304 -
::1 - - [10/Nov/2025 15:56:47] "GET /slots/blazing-7s/index.html?demo=true HTTP/1.1" 200 -
::1 - - [10/Nov/2025 15:57:14] "GET /slots/blazing-7s/index.html?session=2ba7996a-3b0b-4789-807f-b6d9897f0e34&demo=false&token=eyJhbGciOiJIUzM4NCJ9.eyJzdWIiOiJrYXhhbTFAZ21haWwuY29tIiwidHlwZSI6IkFDQ0VTUyIsImlhdCI6MTc2Mjc2OTIzOSwiZXhwIjoxNzYyODU1NjM5fQ.TbEs2VfS_vIQgRjo2FJFU9qNwjt6-wiF_mWorSFSCxJq2v7MsH3lewE3RAywInP0 HTTP/1.1" 200 -
::1 - - [10/Nov/2025 15:57:24] "GET /slots/mega-7s/index.html?session=69744b61-6caa-47d1-a0ea-094027d66582&demo=false&token=eyJhbGciOiJIUzM4NCJ9.eyJzdWIiOiJrYXhhbTFAZ21haWwuY29tIiwidHlwZSI6IkFDQ0VTUyIsImlhdCI6MTc2Mjc2OTIzOSwiZXhwIjoxNzYyODU1NjM5fQ.TbEs2VfS_vIQgRjo2FJFU9qNwjt6-wiF_mWorSFSCxJq2v7MsH3lewE3RAywInP0 HTTP/1.1" 200 -
::1 - - [10/Nov/2025 15:57:33] "GET /slots/777-deluxe/index.html?session=7fb3c0f2-4697-4450-a436-94f88c851902&demo=false&token=eyJhbGciOiJIUzM4NCJ9.eyJzdWIiOiJrYXhhbTFAZ21haWwuY29tIiwidHlwZSI6IkFDQ0VTUyIsImlhdCI6MTc2Mjc2OTIzOSwiZXhwIjoxNzYyODU1NjM5fQ.TbEs2VfS_vIQgRjo2FJFU9qNwjt6-wiF_mWorSFSCxJq2v7MsH3lewE3RAywInP0 HTTP/1.1" 200 -
::1 - - [10/Nov/2025 15:57:41] "GET /slots/fire-7s/index.html?session=e212610e-7ce2-4d5f-b491-a61a0c4eaec2&demo=false&token=eyJhbGciOiJIUzM4NCJ9.eyJzdWIiOiJrYXhhbTFAZ21haWwuY29tIiwidHlwZSI6IkFDQ0VTUyIsImlhdCI6MTc2Mjc2OTIzOSwiZXhwIjoxNzYyODU1NjM5fQ.TbEs2VfS_vIQgRjo2FJFU9qNwjt6-wiF_mWorSFSCxJq2v7MsH3lewE3RAywInP0 HTTP/1.1" 200 -
::1 - - [10/Nov/2025 15:58:00] "GET /slots/lucky-7/index.html?session=1a50bbd8-516d-4dfb-93f4-9730bfa7f606&demo=false&token=eyJhbGciOiJIUzM4NCJ9.eyJzdWIiOiJrYXhhbTFAZ21haWwuY29tIiwidHlwZSI6IkFDQ0VTUyIsImlhdCI6MTc2Mjc2OTIzOSwiZXhwIjoxNzYyODU1NjM5fQ.TbEs2VfS_vIQgRjo2FJFU9qNwjt6-wiF_mWorSFSCxJq2v7MsH3lewE3RAywInP0 HTTP/1.1" 200 -
::1 - - [10/Nov/2025 15:58:09] "GET /slots/double-7s/index.html?session=472b2a08-a507-49d1-bcf7-e09fd6a8bda4&demo=false&token=eyJhbGciOiJIUzM4NCJ9.eyJzdWIiOiJrYXhhbTFAZ21haWwuY29tIiwidHlwZSI6IkFDQ0VTUyIsImlhdCI6MTc2Mjc2OTIzOSwiZXhwIjoxNzYyODU1NjM5fQ.TbEs2VfS_vIQgRjo2FJFU9qNwjt6-wiF_mWorSFSCxJq2v7MsH3lewE3RAywInP0 HTTP/1.1" 200 -
::1 - - [10/Nov/2025 16:03:17] "GET /slots/triple-bar/index.html?demo=true HTTP/1.1" 200 -
::1 - - [10/Nov/2025 16:03:37] "GET /slots/triple-bar/index.html?session=8fa94f82-0cae-4a29-bd78-50496541c012&demo=false&token=eyJhbGciOiJIUzM4NCJ9.eyJzdWIiOiJrYXhhbTFAZ21haWwuY29tIiwidHlwZSI6IkFDQ0VTUyIsImlhdCI6MTc2Mjc2OTIzOSwiZXhwIjoxNzYyODU1NjM5fQ.TbEs2VfS_vIQgRjo2FJFU9qNwjt6-wiF_mWorSFSCxJq2v7MsH3lewE3RAywInP0 HTTP/1.1" 200 -
::1 - - [10/Nov/2025 16:03:45] "GET /slots/triple-bar/index.html?session=demo-6e21e94e-ca67-4361-ade9-69bce15826f3&demo=true&token=eyJhbGciOiJIUzM4NCJ9.eyJzdWIiOiJrYXhhbTFAZ21haWwuY29tIiwidHlwZSI6IkFDQ0VTUyIsImlhdCI6MTc2Mjc2OTIzOSwiZXhwIjoxNzYyODU1NjM5fQ.TbEs2VfS_vIQgRjo2FJFU9qNwjt6-wiF_mWorSFSCxJq2v7MsH3lewE3RAywInP0 HTTP/1.1" 200 -
::1 - - [10/Nov/2025 16:04:36] "GET /slots/triple-bar/index.html?session=0b8362e3-0b55-4803-8507-3dc23c1bad03&demo=false&token=eyJhbGciOiJIUzM4NCJ9.eyJzdWIiOiJrYXhhbTFAZ21haWwuY29tIiwidHlwZSI6IkFDQ0VTUyIsImlhdCI6MTc2Mjc2OTIzOSwiZXhwIjoxNzYyODU1NjM5fQ.TbEs2VfS_vIQgRjo2FJFU9qNwjt6-wiF_mWorSFSCxJq2v7MsH3lewE3RAywInP0 HTTP/1.1" 200 -
::1 - - [10/Nov/2025 16:06:39] "GET /slots/triple-bar/index.html?demo=true HTTP/1.1" 200 -
::1 - - [10/Nov/2025 16:06:48] "GET /slots/triple-bar/index.html?session=d5ba1d05-7a1c-47bb-b06a-5f9a89d2e4da&demo=false&token=eyJhbGciOiJIUzM4NCJ9.eyJzdWIiOiJrYXhhbTFAZ21haWwuY29tIiwidHlwZSI6IkFDQ0VTUyIsImlhdCI6MTc2Mjc2OTIzOSwiZXhwIjoxNzYyODU1NjM5fQ.TbEs2VfS_vIQgRjo2FJFU9qNwjt6-wiF_mWorSFSCxJq2v7MsH3lewE3RAywInP0 HTTP/1.1" 200 -
::1 - - [10/Nov/2025 16:08:31] "GET /slots/triple-bar/index.html?session=d157ee7c-bae6-4041-9c1b-7be7690e8a5b&demo=false&token=eyJhbGciOiJIUzM4NCJ9.eyJzdWIiOiJrYXhhbTFAZ21haWwuY29tIiwidHlwZSI6IkFDQ0VTUyIsImlhdCI6MTc2Mjc2OTIzOSwiZXhwIjoxNzYyODU1NjM5fQ.TbEs2VfS_vIQgRjo2FJFU9qNwjt6-wiF_mWorSFSCxJq2v7MsH3lewE3RAywInP0 HTTP/1.1" 200 -
::1 - - [10/Nov/2025 16:18:33] "GET /poker/texas-holdem.html?demo=true HTTP/1.1" 200 -
::1 - - [10/Nov/2025 16:18:57] "GET /poker/texas-holdem.html?session=d5b9c27d-4936-49ae-8c6f-7709dc59b802&demo=false&token=eyJhbGciOiJIUzM4NCJ9.eyJzdWIiOiJrYXhhbTFAZ21haWwuY29tIiwidHlwZSI6IkFDQ0VTUyIsImlhdCI6MTc2Mjc2OTIzOSwiZXhwIjoxNzYyODU1NjM5fQ.TbEs2VfS_vIQgRjo2FJFU9qNwjt6-wiF_mWorSFSCxJq2v7MsH3lewE3RAywInP0 HTTP/1.1" 200 -
::1 - - [10/Nov/2025 16:19:20] "GET /slots/triple-red-hot-777/photo.jpeg HTTP/1.1" 304 -
::1 - - [10/Nov/2025 16:19:20] "GET /slots/lucky-7/photo.jpeg HTTP/1.1" 304 -
::1 - - [10/Nov/2025 16:20:44] "GET /poker/texas-holdem.html?session=demo-bb32a4ac-fa22-49c6-b535-963465ed26dc&demo=true&token=eyJhbGciOiJIUzM4NCJ9.eyJzdWIiOiJrYXhhbTFAZ21haWwuY29tIiwidHlwZSI6IkFDQ0VTUyIsImlhdCI6MTc2Mjc2OTIzOSwiZXhwIjoxNzYyODU1NjM5fQ.TbEs2VfS_vIQgRjo2FJFU9qNwjt6-wiF_mWorSFSCxJq2v7MsH3lewE3RAywInP0 HTTP/1.1" 200 -
::1 - - [10/Nov/2025 16:21:04] "GET /poker/texas-holdem.html?session=b5d896ae-886b-4808-ac34-c0889388b4b4&demo=false&token=eyJhbGciOiJIUzM4NCJ9.eyJzdWIiOiJrYXhhbTFAZ21haWwuY29tIiwidHlwZSI6IkFDQ0VTUyIsImlhdCI6MTc2Mjc2OTIzOSwiZXhwIjoxNzYyODU1NjM5fQ.TbEs2VfS_vIQgRjo2FJFU9qNwjt6-wiF_mWorSFSCxJq2v7MsH3lewE3RAywInP0 HTTP/1.1" 200 -
::1 - - [10/Nov/2025 16:21:09] "GET /poker/texas-holdem.html?session=5323cc3f-8959-4a2d-9d6a-bc0a9ec1d22d&demo=false&token=eyJhbGciOiJIUzM4NCJ9.eyJzdWIiOiJrYXhhbTFAZ21haWwuY29tIiwidHlwZSI6IkFDQ0VTUyIsImlhdCI6MTc2Mjc2OTIzOSwiZXhwIjoxNzYyODU1NjM5fQ.TbEs2VfS_vIQgRjo2FJFU9qNwjt6-wiF_mWorSFSCxJq2v7MsH3lewE3RAywInP0 HTTP/1.1" 200 -
::1 - - [10/Nov/2025 16:21:42] "GET /slots/triple-bar/index.html?session=e33a1a9c-1e5a-4d0a-899b-8bc09d2529de&demo=false&token=eyJhbGciOiJIUzM4NCJ9.eyJzdWIiOiJrYXhhbTFAZ21haWwuY29tIiwidHlwZSI6IkFDQ0VTUyIsImlhdCI6MTc2Mjc2OTIzOSwiZXhwIjoxNzYyODU1NjM5fQ.TbEs2VfS_vIQgRjo2FJFU9qNwjt6-wiF_mWorSFSCxJq2v7MsH3lewE3RAywInP0 HTTP/1.1" 200 -
::1 - - [10/Nov/2025 16:21:53] "GET /slots/double-7s/photo.jpeg HTTP/1.1" 304 -
::1 - - [10/Nov/2025 16:21:53] "GET /slots/fruit-cocktail/photo.jpeg HTTP/1.1" 304 -
::1 - - [10/Nov/2025 16:21:53] "GET /slots/fruit-shop/photo.jpeg HTTP/1.1" 304 -
::1 - - [10/Nov/2025 16:22:56] "GET /poker/texas-holdem.html?session=e33fc29f-01e0-4ea1-9474-e0b3515696b2&demo=false&token=eyJhbGciOiJIUzM4NCJ9.eyJzdWIiOiJrYXhhbTFAZ21haWwuY29tIiwidHlwZSI6IkFDQ0VTUyIsImlhdCI6MTc2Mjc2OTIzOSwiZXhwIjoxNzYyODU1NjM5fQ.TbEs2VfS_vIQgRjo2FJFU9qNwjt6-wiF_mWorSFSCxJq2v7MsH3lewE3RAywInP0 HTTP/1.1" 200 -
::1 - - [10/Nov/2025 16:28:29] "GET /other/keno/photo.jpeg HTTP/1.1" 200 -
::1 - - [10/Nov/2025 16:28:29] "GET /table-games/baccarat/photo.jpeg HTTP/1.1" 200 -
::1 - - [10/Nov/2025 16:28:29] "GET /table-games/dragon-tiger/photo.jpeg HTTP/1.1" 200 -
::1 - - [10/Nov/2025 16:28:29] "GET /slots/triple-red-hot-777/photo.jpeg HTTP/1.1" 200 -
::1 - - [10/Nov/2025 16:28:29] "GET /slots/first/photo.jpeg HTTP/1.1" 200 -
::1 - - [10/Nov/2025 16:28:29] "GET /table-games/craps/photo.jpeg HTTP/1.1" 200 -
::1 - - [10/Nov/2025 16:28:29] "GET /slots/hold-and-win/photo.jpeg HTTP/1.1" 200 -
::1 - - [10/Nov/2025 16:28:29] "GET /slots/simple5-reel-video-slots/photo.jpeg HTTP/1.1" 200 -
::1 - - [10/Nov/2025 16:28:29] "GET /slots/book-style-slots/photo.jpeg HTTP/1.1" 200 -
::1 - - [10/Nov/2025 16:28:29] "GET /fun/chicken-road/photo.jpeg HTTP/1.1" 200 -
::1 - - [10/Nov/2025 16:28:29] "GET /poker/three-card-poker/photo.jpeg HTTP/1.1" 200 -
::1 - - [10/Nov/2025 16:28:29] "GET /poker/jack-or-better/photo.jpeg HTTP/1.1" 200 -
::1 - - [10/Nov/2025 16:28:29] "GET /table-games/blackjack/photo.jpeg HTTP/1.1" 200 -
::1 - - [10/Nov/2025 16:28:29] "GET /poker/caribbean-stud-poker/photo.jpeg HTTP/1.1" 200 -
::1 - - [10/Nov/2025 16:28:29] "GET /other/money-wheel/photo.jpeg HTTP/1.1" 200 -
::1 - - [10/Nov/2025 16:28:29] "GET /table-games/european-roulette/photo.jpeg HTTP/1.1" 200 -
::1 - - [10/Nov/2025 16:28:29] "GET /table-games/american-roulette/photo.jpeg HTTP/1.1" 200 -
::1 - - [10/Nov/2025 16:28:29] "GET /table-games/sic-bo/photo.jpeg HTTP/1.1" 200 -
::1 - - [10/Nov/2025 16:28:29] "GET /other/bingo/photo.jpeg HTTP/1.1" 200 -
::1 - - [10/Nov/2025 16:28:29] "GET /slots/lucky-7/photo.jpeg HTTP/1.1" 200 -
::1 - - [10/Nov/2025 16:28:29] "GET /slots/double-7s/photo.jpeg HTTP/1.1" 200 -
::1 - - [10/Nov/2025 16:28:29] "GET /slots/fruit-cocktail/photo.jpeg HTTP/1.1" 200 -
::1 - - [10/Nov/2025 16:28:29] "GET /slots/fruit-shop/photo.jpeg HTTP/1.1" 200 -
::1 - - [10/Nov/2025 16:28:33] "GET /poker/texas-holdem.html?session=76fafd23-3ca9-41ba-9d29-90a8e5cfc3bb&demo=false&token=eyJhbGciOiJIUzM4NCJ9.eyJzdWIiOiJrYXhhbTFAZ21haWwuY29tIiwidHlwZSI6IkFDQ0VTUyIsImlhdCI6MTc2Mjc2OTIzOSwiZXhwIjoxNzYyODU1NjM5fQ.TbEs2VfS_vIQgRjo2FJFU9qNwjt6-wiF_mWorSFSCxJq2v7MsH3lewE3RAywInP0 HTTP/1.1" 200 -
::1 - - [10/Nov/2025 16:30:55] "GET /slots/triple-bar/index.html?session=69ec8034-42fc-4a9e-ab24-6ce0b93ad516&demo=false&token=eyJhbGciOiJIUzM4NCJ9.eyJzdWIiOiJrYXhhbTFAZ21haWwuY29tIiwidHlwZSI6IkFDQ0VTUyIsImlhdCI6MTc2Mjc2OTIzOSwiZXhwIjoxNzYyODU1NjM5fQ.TbEs2VfS_vIQgRjo2FJFU9qNwjt6-wiF_mWorSFSCxJq2v7MsH3lewE3RAywInP0 HTTP/1.1" 200 -
